# JRE version: Java(TM) SE Runtime Environment (8.0_144-b01) (build 1.8.0_144-b01)
# Java VM: Java HotSpot(TM) 64-Bit Server VM (25.144-b01 mixed mode windows-amd64 compressed oops)
Heap:
 PSYoungGen      total 76288K, used 6974K [0x000000076b000000, 0x0000000770500000, 0x00000007c0000000)
  eden space 65536K, 10% used [0x000000076b000000,0x000000076b6cfaa8,0x000000076f000000)
  from space 10752K, 0% used [0x000000076f000000,0x000000076f000000,0x000000076fa80000)
  to   space 10752K, 0% used [0x000000076fa80000,0x000000076fa80000,0x0000000770500000)
 ParOldGen       total 82432K, used 5377K [0x00000006c1000000, 0x00000006c6080000, 0x000000076b000000)
  object space 82432K, 6% used [0x00000006c1000000,0x00000006c1540528,0x00000006c6080000)
 Metaspace       used 18353K, capacity 19140K, committed 19328K, reserved 1067008K
  class space    used 2400K, capacity 2577K, committed 2688K, reserved 1048576K
GC Heap History (7 events):
Event: 2.121 GC heap before
{Heap before GC invocations=1 (full 0):
 PSYoungGen      total 76288K, used 65514K [0x000000076b000000, 0x0000000770500000, 0x00000007c0000000)
  eden space 65536K, 99% used [0x000000076b000000,0x000000076effa998,0x000000076f000000)
  from space 10752K, 0% used [0x000000076fa80000,0x000000076fa80000,0x0000000770500000)
  to   space 10752K, 0% used [0x000000076f000000,0x000000076f000000,0x000000076fa80000)
 ParOldGen       total 175104K, used 0K [0x00000006c1000000, 0x00000006cbb00000, 0x000000076b000000)
  object space 175104K, 0% used [0x00000006c1000000,0x00000006c1000000,0x00000006cbb00000)
 Metaspace       used 10521K, capacity 10780K, committed 10880K, reserved 1058816K
  class space    used 1266K, capacity 1356K, committed 1408K, reserved 1048576K
Event: 2.126 GC heap after
Heap after GC invocations=1 (full 0):
 PSYoungGen      total 76288K, used 5871K [0x000000076b000000, 0x0000000770500000, 0x00000007c0000000)
  eden space 65536K, 0% used [0x000000076b000000,0x000000076b000000,0x000000076f000000)
  from space 10752K, 54% used [0x000000076f000000,0x000000076f5bbd68,0x000000076fa80000)
  to   space 10752K, 0% used [0x000000076fa80000,0x000000076fa80000,0x0000000770500000)
 ParOldGen       total 175104K, used 16K [0x00000006c1000000, 0x00000006cbb00000, 0x000000076b000000)
  object space 175104K, 0% used [0x00000006c1000000,0x00000006c1004000,0x00000006cbb00000)
 Metaspace       used 10521K, capacity 10780K, committed 10880K, reserved 1058816K
  class space    used 1266K, capacity 1356K, committed 1408K, reserved 1048576K
}
Event: 2.545 GC heap before
{Heap before GC invocations=2 (full 0):
 PSYoungGen      total 76288K, used 71407K [0x000000076b000000, 0x0000000770500000, 0x00000007c0000000)
  eden space 65536K, 100% used [0x000000076b000000,0x000000076f000000,0x000000076f000000)
  from space 10752K, 54% used [0x000000076f000000,0x000000076f5bbd68,0x000000076fa80000)
  to   space 10752K, 0% used [0x000000076fa80000,0x000000076fa80000,0x0000000770500000)
 ParOldGen       total 175104K, used 16K [0x00000006c1000000, 0x00000006cbb00000, 0x000000076b000000)
  object space 175104K, 0% used [0x00000006c1000000,0x00000006c1004000,0x00000006cbb00000)
 Metaspace       used 17023K, capacity 17830K, committed 18048K, reserved 1064960K
  class space    used 2201K, capacity 2376K, committed 2432K, reserved 1048576K
Event: 2.552 GC heap after
Heap after GC invocations=2 (full 0):
 PSYoungGen      total 76288K, used 10286K [0x000000076b000000, 0x0000000770500000, 0x00000007c0000000)
  eden space 65536K, 0% used [0x000000076b000000,0x000000076b000000,0x000000076f000000)
  from space 10752K, 95% used [0x000000076fa80000,0x000000077048bbe0,0x0000000770500000)
  to   space 10752K, 0% used [0x000000076f000000,0x000000076f000000,0x000000076fa80000)
 ParOldGen       total 175104K, used 24K [0x00000006c1000000, 0x00000006cbb00000, 0x000000076b000000)
  object space 175104K, 0% used [0x00000006c1000000,0x00000006c1006000,0x00000006cbb00000)
 Metaspace       used 17023K, capacity 17830K, committed 18048K, reserved 1064960K
  class space    used 2201K, capacity 2376K, committed 2432K, reserved 1048576K
}
Event: 2.584 GC heap before
{Heap before GC invocations=3 (full 0):
 PSYoungGen      total 76288K, used 17832K [0x000000076b000000, 0x0000000770500000, 0x00000007c0000000)
  eden space 65536K, 11% used [0x000000076b000000,0x000000076b75e500,0x000000076f000000)
  from space 10752K, 95% used [0x000000076fa80000,0x000000077048bbe0,0x0000000770500000)
  to   space 10752K, 0% used [0x000000076f000000,0x000000076f000000,0x000000076fa80000)
 ParOldGen       total 175104K, used 24K [0x00000006c1000000, 0x00000006cbb00000, 0x000000076b000000)
  object space 175104K, 0% used [0x00000006c1000000,0x00000006c1006000,0x00000006cbb00000)
 Metaspace       used 17795K, capacity 18564K, committed 18688K, reserved 1069056K
  class space    used 2305K, capacity 2485K, committed 2560K, reserved 1048576K
Event: 2.588 GC heap after
Heap after GC invocations=3 (full 0):
 PSYoungGen      total 76288K, used 5533K [0x000000076b000000, 0x0000000770500000, 0x00000007c0000000)
  eden space 65536K, 0% used [0x000000076b000000,0x000000076b000000,0x000000076f000000)
  from space 10752K, 51% used [0x000000076f000000,0x000000076f5677c0,0x000000076fa80000)
  to   space 10752K, 0% used [0x000000076fa80000,0x000000076fa80000,0x0000000770500000)
 ParOldGen       total 175104K, used 32K [0x00000006c1000000, 0x00000006cbb00000, 0x000000076b000000)
  object space 175104K, 0% used [0x00000006c1000000,0x00000006c1008000,0x00000006cbb00000)
 Metaspace       used 17795K, capacity 18564K, committed 18688K, reserved 1069056K
  class space    used 2305K, capacity 2485K, committed 2560K, reserved 1048576K
}
Event: 2.588 GC heap before
{Heap before GC invocations=4 (full 1):
 PSYoungGen      total 76288K, used 5533K [0x000000076b000000, 0x0000000770500000, 0x00000007c0000000)
  eden space 65536K, 0% used [0x000000076b000000,0x000000076b000000,0x000000076f000000)
  from space 10752K, 51% used [0x000000076f000000,0x000000076f5677c0,0x000000076fa80000)
  to   space 10752K, 0% used [0x000000076fa80000,0x000000076fa80000,0x0000000770500000)
 ParOldGen       total 175104K, used 32K [0x00000006c1000000, 0x00000006cbb00000, 0x000000076b000000)
  object space 175104K, 0% used [0x00000006c1000000,0x00000006c1008000,0x00000006cbb00000)
 Metaspace       used 17795K, capacity 18564K, committed 18688K, reserved 1069056K
  class space    used 2305K, capacity 2485K, committed 2560K, reserved 1048576K

